#
# A fatal error has been detected by the Java Runtime Environment:
#
#  Internal Error (classFileParser.cpp:3494), pid=5084, tid=2128
#  Error: ShouldNotReachHere()
#
# JRE version: 6.0_31-b05
# Java VM: Java HotSpot(TM) Client VM (20.6-b01 mixed mode windows-x86 )
# If you would like to submit a bug report, please visit:
#   http://java.sun.com/webapps/bugreport/crash.jsp
#

---------------  T H R E A D  ---------------

Current thread (0x00399400):  JavaThread "Unknown thread" [_thread_in_vm, id=2128, stack(0x00540000,0x00590000)]

Stack: [0x00540000,0x00590000],  sp=0x0058f86c,  free space=318k
Native frames: (J=compiled Java code, j=interpreted, Vv=VM code, C=native code)
V  [jvm.dll+0x1335ca]
V  [jvm.dll+0x12e57b]
V  [jvm.dll+0x1639e]
V  [jvm.dll+0x17bdf]
V  [jvm.dll+0x26cc5]
V  [jvm.dll+0x27506]
V  [jvm.dll+0x278b5]
V  [jvm.dll+0x27949]
V  [jvm.dll+0x27a0c]
V  [jvm.dll+0x27a8a]
V  [jvm.dll+0x27b6d]
V  [jvm.dll+0x27e39]
V  [jvm.dll+0x6c383]
V  [jvm.dll+0x6c75c]
V  [jvm.dll+0xf9b4c]
V  [jvm.dll+0x11848b]
V  [jvm.dll+0x9eb60]
C  [javaw.exe+0x1657]
C  [javaw.exe+0x1e2c]
C  [javaw.exe+0x8614]
C  [KERNEL32.dll+0x133aa]  BaseThreadInitThunk+0x12
C  [ntdll.dll+0x39ef2]  RtlInitializeExceptionChain+0x63
C  [ntdll.dll+0x39ec5]  RtlInitializeExceptionChain+0x36


---------------  P R O C E S S  ---------------

Java Threads: ( => current thread )

Other Threads:

=>0x00399400 (exited) JavaThread "Unknown thread" [_thread_in_vm, id=2128, stack(0x00540000,0x00590000)]

VM state:not at safepoint (not fully initialized)

VM Mutex/Monitor currently owned by a thread: None

Dynamic libraries:
0x00400000 - 0x00425000 	C:\Program Files (x86)\Java\jre6\bin\javaw.exe
0x77370000 - 0x774f0000 	C:\Windows\SysWOW64\ntdll.dll
0x63290000 - 0x632cc000 	C:\Program Files\AVAST Software\Avast\snxhk.dll
0x74fd0000 - 0x750e0000 	C:\Windows\syswow64\KERNEL32.dll
0x76380000 - 0x763c7000 	C:\Windows\syswow64\KERNELBASE.dll
0x75dc0000 - 0x75e60000 	C:\Windows\syswow64\ADVAPI32.dll
0x74f20000 - 0x74fcc000 	C:\Windows\syswow64\msvcrt.dll
0x74b40000 - 0x74b59000 	C:\Windows\SysWOW64\sechost.dll
0x75f90000 - 0x76080000 	C:\Windows\syswow64\RPCRT4.dll
0x74a50000 - 0x74ab0000 	C:\Windows\syswow64\SspiCli.dll
0x74a40000 - 0x74a4c000 	C:\Windows\syswow64\CRYPTBASE.dll
0x76080000 - 0x76180000 	C:\Windows\syswow64\USER32.dll
0x76770000 - 0x76800000 	C:\Windows\syswow64\GDI32.dll
0x77340000 - 0x7734a000 	C:\Windows\syswow64\LPK.dll
0x763f0000 - 0x7648d000 	C:\Windows\syswow64\USP10.dll
0x76630000 - 0x76690000 	C:\Windows\system32\IMM32.DLL
0x75ea0000 - 0x75f6c000 	C:\Windows\syswow64\MSCTF.dll
0x7c340000 - 0x7c396000 	C:\Program Files (x86)\Java\jre6\bin\msvcr71.dll
0x6d7f0000 - 0x6da9f000 	C:\Program Files (x86)\Java\jre6\bin\client\jvm.dll
0x72870000 - 0x728a2000 	C:\Windows\system32\WINMM.dll
0x71680000 - 0x716cc000 	C:\Windows\system32\apphelp.dll
0x6d7a0000 - 0x6d7ac000 	C:\Program Files (x86)\Java\jre6\bin\verify.dll
0x6d320000 - 0x6d33f000 	C:\Program Files (x86)\Java\jre6\bin\java.dll
0x6d7e0000 - 0x6d7ef000 	C:\Program Files (x86)\Java\jre6\bin\zip.dll
0x76180000 - 0x76185000 	C:\Windows\system32\PSAPI.DLL

VM Arguments:
jvm_args: -Dfile.encoding=Cp1251 -Xbootclasspath:C:\Eclipse\android-sdk\platforms\android-16\android.jar 
java_command: com.complover116.SchoolBox.GrammarTestResult
Launcher Type: SUN_STANDARD

Environment Variables:
PATH=C:/Program Files (x86)/Java/jre7/bin/client;C:/Program Files (x86)/Java/jre7/bin;C:/Program Files (x86)/Java/jre7/lib/i386;C:\Program Files (x86)\NVIDIA Corporation\PhysX\Common;C:\PROGRA~1\MATROX~1\System64;C:\PROGRA~1\MATROX~1\System32;C:\Windows\system32;C:\Windows;C:\Windows\System32\Wbem;C:\Windows\System32\WindowsPowerShell\v1.0\;C:\Program Files\TortoiseSVN\bin;C:\Program Files (x86)\Steam\steamapps\anyasan\garry's mod beta\..\bin;C:\Eclipse;
USERNAME=Rabbits
OS=Windows_NT
PROCESSOR_IDENTIFIER=Intel64 Family 6 Model 23 Stepping 6, GenuineIntel



---------------  S Y S T E M  ---------------

OS: Windows 7 , 64 bit Build 7601 Service Pack 1

CPU:total 2 (2 cores per cpu, 1 threads per core) family 6 model 23 stepping 6, cmov, cx8, fxsr, mmx, sse, sse2, sse3, ssse3, sse4.1

Memory: 4k page, physical 4193400k(2292856k free), swap 8384948k(6204844k free)

vm_info: Java HotSpot(TM) Client VM (20.6-b01) for windows-x86 JRE (1.6.0_31-b05), built on Feb  3 2012 18:44:09 by "java_re" with MS VC++ 7.1 (VS2003)

time: Sat Feb 02 15:00:13 2013
elapsed time: 0 seconds

