#
# A fatal error has been detected by the Java Runtime Environment:
#
#  Internal Error (classFileParser.cpp:3494), pid=4304, tid=4724
#  Error: ShouldNotReachHere()
#
# JRE version: 6.0_31-b05
# Java VM: Java HotSpot(TM) Client VM (20.6-b01 mixed mode windows-x86 )
# If you would like to submit a bug report, please visit:
#   http://java.sun.com/webapps/bugreport/crash.jsp
#

---------------  T H R E A D  ---------------

Current thread (0x01ca9400):  JavaThread "Unknown thread" [_thread_in_vm, id=4724, stack(0x00280000,0x002d0000)]

Stack: [0x00280000,0x002d0000],  sp=0x002cf86c,  free space=318k
Native frames: (J=compiled Java code, j=interpreted, Vv=VM code, C=native code)
V  [jvm.dll+0x1335ca]
V  [jvm.dll+0x12e57b]
V  [jvm.dll+0x1639e]
V  [jvm.dll+0x17bdf]
V  [jvm.dll+0x26cc5]
V  [jvm.dll+0x27506]
V  [jvm.dll+0x278b5]
V  [jvm.dll+0x27949]
V  [jvm.dll+0x27a0c]
V  [jvm.dll+0x27a8a]
V  [jvm.dll+0x27b6d]
V  [jvm.dll+0x27e39]
V  [jvm.dll+0x6c383]
V  [jvm.dll+0x6c75c]
V  [jvm.dll+0xf9b4c]
V  [jvm.dll+0x11848b]
V  [jvm.dll+0x9eb60]
C  [javaw.exe+0x1657]
C  [javaw.exe+0x1e2c]
C  [javaw.exe+0x8614]
C  [kernel32.dll+0x133aa]  BaseThreadInitThunk+0x12
C  [ntdll.dll+0x39ef2]  RtlInitializeExceptionChain+0x63
C  [ntdll.dll+0x39ec5]  RtlInitializeExceptionChain+0x36


---------------  P R O C E S S  ---------------

Java Threads: ( => current thread )

Other Threads:

=>0x01ca9400 (exited) JavaThread "Unknown thread" [_thread_in_vm, id=4724, stack(0x00280000,0x002d0000)]

VM state:not at safepoint (not fully initialized)

VM Mutex/Monitor currently owned by a thread: None

Dynamic libraries:
0x00400000 - 0x00425000 	C:\Program Files (x86)\Java\jre6\bin\javaw.exe
0x77310000 - 0x77490000 	C:\Windows\SysWOW64\ntdll.dll
0x75500000 - 0x75610000 	C:\Windows\syswow64\kernel32.dll
0x76680000 - 0x766c7000 	C:\Windows\syswow64\KERNELBASE.dll
0x750f0000 - 0x75190000 	C:\Windows\syswow64\ADVAPI32.dll
0x765c0000 - 0x7666c000 	C:\Windows\syswow64\msvcrt.dll
0x766e0000 - 0x766f9000 	C:\Windows\SysWOW64\sechost.dll
0x751f0000 - 0x752e0000 	C:\Windows\syswow64\RPCRT4.dll
0x749f0000 - 0x74a50000 	C:\Windows\syswow64\SspiCli.dll
0x749e0000 - 0x749ec000 	C:\Windows\syswow64\CRYPTBASE.dll
0x75400000 - 0x75500000 	C:\Windows\syswow64\USER32.dll
0x75640000 - 0x756d0000 	C:\Windows\syswow64\GDI32.dll
0x74ad0000 - 0x74ada000 	C:\Windows\syswow64\LPK.dll
0x76520000 - 0x765bd000 	C:\Windows\syswow64\USP10.dll
0x75190000 - 0x751f0000 	C:\Windows\system32\IMM32.DLL
0x76980000 - 0x76a4c000 	C:\Windows\syswow64\MSCTF.dll
0x7c340000 - 0x7c396000 	C:\Program Files (x86)\Java\jre6\bin\msvcr71.dll
0x6d7f0000 - 0x6da9f000 	C:\Program Files (x86)\Java\jre6\bin\client\jvm.dll
0x72520000 - 0x72552000 	C:\Windows\system32\WINMM.dll
0x71b40000 - 0x71b8c000 	C:\Windows\system32\apphelp.dll
0x6d7a0000 - 0x6d7ac000 	C:\Program Files (x86)\Java\jre6\bin\verify.dll
0x6d320000 - 0x6d33f000 	C:\Program Files (x86)\Java\jre6\bin\java.dll
0x6d7e0000 - 0x6d7ef000 	C:\Program Files (x86)\Java\jre6\bin\zip.dll
0x766d0000 - 0x766d5000 	C:\Windows\system32\PSAPI.DLL

VM Arguments:
jvm_args: -Dfile.encoding=Cp1251 -Xbootclasspath:C:\Eclipse\android-sdk\platforms\android-16\android.jar 
java_command: com.complover116.SchoolBox.GrammarTestResult
Launcher Type: SUN_STANDARD

Environment Variables:
PATH=C:/Program Files (x86)/Java/jre7/bin/client;C:/Program Files (x86)/Java/jre7/bin;C:/Program Files (x86)/Java/jre7/lib/i386;C:\Program Files (x86)\NVIDIA Corporation\PhysX\Common;C:\PROGRA~1\MATROX~1\System64;C:\PROGRA~1\MATROX~1\System32;C:\Windows\system32;C:\Windows;C:\Windows\System32\Wbem;C:\Windows\System32\WindowsPowerShell\v1.0\;C:\Program Files (x86)\Steam\steamapps\anyasan\garry's mod beta\..\bin;C:\Eclipse;
USERNAME=Rabbits
OS=Windows_NT
PROCESSOR_IDENTIFIER=Intel64 Family 6 Model 23 Stepping 6, GenuineIntel



---------------  S Y S T E M  ---------------

OS: Windows 7 , 64 bit Build 7601 Service Pack 1

CPU:total 2 (2 cores per cpu, 1 threads per core) family 6 model 23 stepping 6, cmov, cx8, fxsr, mmx, sse, sse2, sse3, ssse3, sse4.1

Memory: 4k page, physical 4193400k(1762192k free), swap 8384948k(5282376k free)

vm_info: Java HotSpot(TM) Client VM (20.6-b01) for windows-x86 JRE (1.6.0_31-b05), built on Feb  3 2012 18:44:09 by "java_re" with MS VC++ 7.1 (VS2003)

time: Mon Dec 24 15:45:13 2012
elapsed time: 0 seconds

