#
# A fatal error has been detected by the Java Runtime Environment:
#
#  Internal Error (javaClasses.cpp:129), pid=5516, tid=5372
#  fatal error: Invalid layout of preloaded class
#
# JRE version: 7.0_17-b02
# Java VM: Java HotSpot(TM) Client VM (23.7-b01 mixed mode windows-x86 )
# Failed to write core dump. Minidumps are not enabled by default on client versions of Windows
#
# If you would like to submit a bug report, please visit:
#   http://bugreport.sun.com/bugreport/crash.jsp
#

---------------  T H R E A D  ---------------

Current thread (0x00dfb000):  JavaThread "Unknown thread" [_thread_in_vm, id=5372, stack(0x00f40000,0x00f90000)]

Stack: [0x00f40000,0x00f90000],  sp=0x00f8f3a0,  free space=316k
Native frames: (J=compiled Java code, j=interpreted, Vv=VM code, C=native code)
V  [jvm.dll+0x16f261]
V  [jvm.dll+0x1693d6]
V  [jvm.dll+0x2079f]
V  [jvm.dll+0x20826]
V  [jvm.dll+0x2e5bd]
V  [jvm.dll+0x2e869]
V  [jvm.dll+0x77ba1]
V  [jvm.dll+0x77f5b]
V  [jvm.dll+0x1290e1]
V  [jvm.dll+0x149b3a]
V  [jvm.dll+0xa98df]
C  [javaw.exe+0x13ca]
C  [javaw.exe+0x1e3c]
C  [javaw.exe+0xa5a1]
C  [javaw.exe+0xa62b]
C  [KERNEL32.dll+0x133aa]  BaseThreadInitThunk+0x12
C  [ntdll.dll+0x39ef2]  RtlInitializeExceptionChain+0x63
C  [ntdll.dll+0x39ec5]  RtlInitializeExceptionChain+0x36


---------------  P R O C E S S  ---------------

Java Threads: ( => current thread )

Other Threads:

=>0x00dfb000 (exited) JavaThread "Unknown thread" [_thread_in_vm, id=5372, stack(0x00f40000,0x00f90000)]

VM state:not at safepoint (not fully initialized)

VM Mutex/Monitor currently owned by a thread: None

GC Heap History (0 events):
No events

Deoptimization events (0 events):
No events

Internal exceptions (0 events):
No events

Events (10 events):
Event: 0.010 loading class 0x00fa7290 done
Event: 0.010 loading class 0x00fa6170 done
Event: 0.010 loading class 0x00fa6148
Event: 0.010 loading class 0x01011218
Event: 0.010 loading class 0x01011218 done
Event: 0.010 loading class 0x01011250
Event: 0.010 loading class 0x01011250 done
Event: 0.010 loading class 0x0100fdf8
Event: 0.010 loading class 0x0100fdf8 done
Event: 0.011 loading class 0x00fa6148 done


Dynamic libraries:
0x01160000 - 0x0118f000 	C:\Program Files (x86)\Java\jre7\bin\javaw.exe
0x77a10000 - 0x77b90000 	C:\Windows\SysWOW64\ntdll.dll
0x70cd0000 - 0x70d0f000 	C:\Program Files\AVAST Software\Avast\snxhk.dll
0x75cd0000 - 0x75de0000 	C:\Windows\syswow64\KERNEL32.dll
0x75330000 - 0x75377000 	C:\Windows\syswow64\KERNELBASE.dll
0x76110000 - 0x761b0000 	C:\Windows\syswow64\ADVAPI32.dll
0x75f00000 - 0x75fac000 	C:\Windows\syswow64\msvcrt.dll
0x76290000 - 0x762a9000 	C:\Windows\SysWOW64\sechost.dll
0x75b50000 - 0x75c40000 	C:\Windows\syswow64\RPCRT4.dll
0x750f0000 - 0x75150000 	C:\Windows\syswow64\SspiCli.dll
0x750e0000 - 0x750ec000 	C:\Windows\syswow64\CRYPTBASE.dll
0x75430000 - 0x75530000 	C:\Windows\syswow64\USER32.dll
0x752a0000 - 0x75330000 	C:\Windows\syswow64\GDI32.dll
0x751a0000 - 0x751aa000 	C:\Windows\syswow64\LPK.dll
0x75ab0000 - 0x75b4d000 	C:\Windows\syswow64\USP10.dll
0x71840000 - 0x719de000 	C:\Windows\WinSxS\x86_microsoft.windows.common-controls_6595b64144ccf1df_6.0.7601.17514_none_41e6975e2bd6f2b2\COMCTL32.dll
0x751b0000 - 0x75207000 	C:\Windows\syswow64\SHLWAPI.dll
0x75380000 - 0x753e0000 	C:\Windows\system32\IMM32.DLL
0x75860000 - 0x7592c000 	C:\Windows\syswow64\MSCTF.dll
0x77bd0000 - 0x77c8e000 	C:\Program Files (x86)\Java\jre7\bin\msvcr100.dll
0x55090000 - 0x553dc000 	C:\Program Files (x86)\Java\jre7\bin\client\jvm.dll
0x74fe0000 - 0x74fe7000 	C:\Windows\system32\WSOCK32.dll
0x753e0000 - 0x75415000 	C:\Windows\syswow64\WS2_32.dll
0x75420000 - 0x75426000 	C:\Windows\syswow64\NSI.dll
0x74e40000 - 0x74e72000 	C:\Windows\system32\WINMM.dll
0x75fb0000 - 0x75fb5000 	C:\Windows\syswow64\PSAPI.DLL
0x6d670000 - 0x6d67c000 	C:\Program Files (x86)\Java\jre7\bin\verify.dll
0x6d2f0000 - 0x6d310000 	C:\Program Files (x86)\Java\jre7\bin\java.dll
0x6d250000 - 0x6d263000 	C:\Program Files (x86)\Java\jre7\bin\zip.dll
0x72a40000 - 0x72b2b000 	C:\Windows\system32\dbghelp.dll

VM Arguments:
jvm_args: -Dfile.encoding=Cp1251 -Xbootclasspath:C:\Eclipse\android-sdk\platforms\android-16\android.jar 
java_command: com.complover116.SchoolBox.GrammarTestResult
Launcher Type: SUN_STANDARD

Environment Variables:
PATH=C:/Program Files (x86)/Java/jre7/bin/client;C:/Program Files (x86)/Java/jre7/bin;C:/Program Files (x86)/Java/jre7/lib/i386;C:\Program Files (x86)\NVIDIA Corporation\PhysX\Common;C:\PROGRA~1\MATROX~1\System64;C:\PROGRA~1\MATROX~1\System32;C:\Windows\system32;C:\Windows;C:\Windows\System32\Wbem;C:\Windows\System32\WindowsPowerShell\v1.0\;C:\Program Files\TortoiseSVN\bin;C:\Program Files (x86)\IVI Foundation\VISA\WinNT\Bin;c:\Gource;C:\Program Files (x86)\Git\cmd;C:\Program Files (x86)\Steam\steamapps\anyasan\garry's mod beta\..\bin;C:\Eclipse;
USERNAME=Rabbits
OS=Windows_NT
PROCESSOR_IDENTIFIER=Intel64 Family 6 Model 23 Stepping 6, GenuineIntel



---------------  S Y S T E M  ---------------

OS: Windows 7 , 64 bit Build 7601 Service Pack 1

CPU:total 2 (2 cores per cpu, 1 threads per core) family 6 model 23 stepping 6, cmov, cx8, fxsr, mmx, sse, sse2, sse3, ssse3, sse4.1, tsc

Memory: 4k page, physical 4193400k(1930632k free), swap 8384944k(5224384k free)

vm_info: Java HotSpot(TM) Client VM (23.7-b01) for windows-x86 JRE (1.7.0_17-b02), built on Mar  1 2013 05:04:36 by "java_re" with unknown MS VC++:1600

time: Sat Apr 06 10:46:58 2013
elapsed time: 0 seconds

