#
# A fatal error has been detected by the Java Runtime Environment:
#
#  Internal Error (classFileParser.cpp:3494), pid=2428, tid=3068
#  Error: ShouldNotReachHere()
#
# JRE version: 6.0_31-b05
# Java VM: Java HotSpot(TM) Client VM (20.6-b01 mixed mode windows-x86 )
# If you would like to submit a bug report, please visit:
#   http://java.sun.com/webapps/bugreport/crash.jsp
#

---------------  T H R E A D  ---------------

Current thread (0x003c9000):  JavaThread "Unknown thread" [_thread_in_vm, id=3068, stack(0x00430000,0x00480000)]

Stack: [0x00430000,0x00480000],  sp=0x0047f86c,  free space=318k
Native frames: (J=compiled Java code, j=interpreted, Vv=VM code, C=native code)
V  [jvm.dll+0x1335ca]
V  [jvm.dll+0x12e57b]
V  [jvm.dll+0x1639e]
V  [jvm.dll+0x17bdf]
V  [jvm.dll+0x26cc5]
V  [jvm.dll+0x27506]
V  [jvm.dll+0x278b5]
V  [jvm.dll+0x27949]
V  [jvm.dll+0x27a0c]
V  [jvm.dll+0x27a8a]
V  [jvm.dll+0x27b6d]
V  [jvm.dll+0x27e39]
V  [jvm.dll+0x6c383]
V  [jvm.dll+0x6c75c]
V  [jvm.dll+0xf9b4c]
V  [jvm.dll+0x11848b]
V  [jvm.dll+0x9eb60]
C  [javaw.exe+0x1657]
C  [javaw.exe+0x1e2c]
C  [javaw.exe+0x8614]
C  [kernel32.dll+0x1339a]  BaseThreadInitThunk+0x12
C  [ntdll.dll+0x39ef2]  RtlInitializeExceptionChain+0x63
C  [ntdll.dll+0x39ec5]  RtlInitializeExceptionChain+0x36


---------------  P R O C E S S  ---------------

Java Threads: ( => current thread )

Other Threads:

=>0x003c9000 (exited) JavaThread "Unknown thread" [_thread_in_vm, id=3068, stack(0x00430000,0x00480000)]

VM state:not at safepoint (not fully initialized)

VM Mutex/Monitor currently owned by a thread: None

Dynamic libraries:
0x00400000 - 0x00425000 	C:\Program Files (x86)\Java\jre6\bin\javaw.exe
0x77330000 - 0x774b0000 	C:\Windows\SysWOW64\ntdll.dll
0x75500000 - 0x75610000 	C:\Windows\syswow64\kernel32.dll
0x74f80000 - 0x74fc6000 	C:\Windows\syswow64\KERNELBASE.dll
0x74ba0000 - 0x74c40000 	C:\Windows\syswow64\ADVAPI32.dll
0x753c0000 - 0x7546c000 	C:\Windows\syswow64\msvcrt.dll
0x74b70000 - 0x74b89000 	C:\Windows\SysWOW64\sechost.dll
0x76980000 - 0x76a70000 	C:\Windows\syswow64\RPCRT4.dll
0x74a10000 - 0x74a70000 	C:\Windows\syswow64\SspiCli.dll
0x74a00000 - 0x74a0c000 	C:\Windows\syswow64\CRYPTBASE.dll
0x766c0000 - 0x767c0000 	C:\Windows\syswow64\USER32.dll
0x75010000 - 0x750a0000 	C:\Windows\syswow64\GDI32.dll
0x75000000 - 0x7500a000 	C:\Windows\syswow64\LPK.dll
0x74ad0000 - 0x74b6d000 	C:\Windows\syswow64\USP10.dll
0x74d70000 - 0x74dd0000 	C:\Windows\system32\IMM32.DLL
0x74ca0000 - 0x74d6c000 	C:\Windows\syswow64\MSCTF.dll
0x7c340000 - 0x7c396000 	C:\Program Files (x86)\Java\jre6\bin\msvcr71.dll
0x6d7f0000 - 0x6da9f000 	C:\Program Files (x86)\Java\jre6\bin\client\jvm.dll
0x72a40000 - 0x72a72000 	C:\Windows\system32\WINMM.dll
0x71ef0000 - 0x71f3c000 	C:\Windows\system32\apphelp.dll
0x6d7a0000 - 0x6d7ac000 	C:\Program Files (x86)\Java\jre6\bin\verify.dll
0x6d320000 - 0x6d33f000 	C:\Program Files (x86)\Java\jre6\bin\java.dll
0x6d7e0000 - 0x6d7ef000 	C:\Program Files (x86)\Java\jre6\bin\zip.dll
0x77300000 - 0x77305000 	C:\Windows\system32\PSAPI.DLL

VM Arguments:
jvm_args: -Dfile.encoding=Cp1251 -Xbootclasspath:C:\Eclipse\android-sdk\platforms\android-16\android.jar 
java_command: com.complover116.SchoolBox.GrammarTestResult
Launcher Type: SUN_STANDARD

Environment Variables:
PATH=C:/Program Files (x86)/Java/jre7/bin/client;C:/Program Files (x86)/Java/jre7/bin;C:/Program Files (x86)/Java/jre7/lib/i386;C:\Program Files (x86)\NVIDIA Corporation\PhysX\Common;C:\PROGRA~1\MATROX~1\System64;C:\PROGRA~1\MATROX~1\System32;C:\Windows\system32;C:\Windows;C:\Windows\System32\Wbem;C:\Windows\System32\WindowsPowerShell\v1.0\;C:\Program Files (x86)\Steam\steamapps\anyasan\garry's mod beta\..\bin;C:\Eclipse;
USERNAME=Rabbits
OS=Windows_NT
PROCESSOR_IDENTIFIER=Intel64 Family 6 Model 23 Stepping 6, GenuineIntel



---------------  S Y S T E M  ---------------

OS: Windows 7 , 64 bit Build 7601 Service Pack 1

CPU:total 2 (2 cores per cpu, 1 threads per core) family 6 model 23 stepping 6, cmov, cx8, fxsr, mmx, sse, sse2, sse3, ssse3, sse4.1

Memory: 4k page, physical 4193400k(1420776k free), swap 8384948k(4942024k free)

vm_info: Java HotSpot(TM) Client VM (20.6-b01) for windows-x86 JRE (1.6.0_31-b05), built on Feb  3 2012 18:44:09 by "java_re" with MS VC++ 7.1 (VS2003)

time: Sat Dec 08 18:55:25 2012
elapsed time: 0 seconds

